<?xml version="1.0" encoding="UTF-8"?>
<testng-results ignored="0" total="1" passed="1" failed="0" skipped="0">
  <reporter-output>
  </reporter-output>
  <suite started-at="2024-09-27T15:23:15 IST" name="Default suite" finished-at="2024-09-27T15:23:38 IST" duration-ms="23846">
    <groups>
    </groups>
    <test started-at="2024-09-27T15:23:15 IST" name="Default test" finished-at="2024-09-27T15:23:38 IST" duration-ms="23846">
      <class name="driverFactory.AppTest">
        <test-method signature="kickStart()[pri:0, instance:driverFactory.AppTest@2e6a8155]" started-at="2024-09-27T15:23:15 IST" name="kickStart" finished-at="2024-09-27T15:23:38 IST" duration-ms="23741" status="PASS">
          <reporter-output>
          </reporter-output>
        </test-method> <!-- kickStart -->
      </class> <!-- driverFactory.AppTest -->
    </test> <!-- Default test -->
  </suite> <!-- Default suite -->
</testng-results>
