<?xml version="1.0" encoding="UTF-8"?>
<testng-results ignored="0" total="1" passed="1" failed="0" skipped="0">
  <reporter-output>
  </reporter-output>
  <suite started-at="2024-02-23T23:04:03 IST" name="Surefire suite" finished-at="2024-02-23T23:04:21 IST" duration-ms="17909">
    <groups>
    </groups>
    <test started-at="2024-02-23T23:04:03 IST" name="Surefire test" finished-at="2024-02-23T23:04:21 IST" duration-ms="17909">
      <class name="driverFactory.AppTest">
        <test-method signature="kickStart()[pri:0, instance:driverFactory.AppTest@7d3a22a9]" started-at="2024-02-23T23:04:03 IST" name="kickStart" finished-at="2024-02-23T23:04:21 IST" duration-ms="17842" status="PASS">
          <reporter-output>
          </reporter-output>
        </test-method> <!-- kickStart -->
      </class> <!-- driverFactory.AppTest -->
    </test> <!-- Surefire test -->
  </suite> <!-- Surefire suite -->
</testng-results>
